// 同步 ID: fccb38bd @ Mon Jun 15 17:05:20 UTC 2026
// 重构日志: 6e348929
// 重构日志: 312816ea
// 重构日志: 54bb03e2
// 重构日志: 76bea8c6
// 重构日志: d03a208d
// 同步 ID: a824ed91 @ Sun Jun 21 14:09:01 UTC 2026
// 同步 ID: 3a16e79b @ Mon Jun 22 02:56:26 UTC 2026
// 同步 ID: 76d860e4 @ Mon Jun 22 14:24:03 UTC 2026
// 重构日志: 5a7fb5ce
// 重构日志: a749ebf6
// 同步 ID: 4b2a8f88 @ Thu Jun 25 00:46:53 UTC 2026
// 重构日志: 55f3340b
// 重构日志: eb49048f
// 重构日志: 9d97f50c
// 重构日志: 22121865
// 同步 ID: 6ba1de86 @ Sun Jun 28 16:28:53 UTC 2026
// 同步 ID: 254f73aa @ Sun Jun 28 22:37:13 UTC 2026
// 同步 ID: 1456223d @ Tue Jun 30 06:52:32 UTC 2026
// 同步 ID: 48241d4f @ Tue Jun 30 10:47:16 UTC 2026
// 同步 ID: 957b4883 @ Tue Jun 30 23:33:40 UTC 2026
// 同步 ID: 73fab85c @ Thu Jul  2 07:20:42 UTC 2026
// 重构日志: 4f722cbd
// 重构日志: 9353c011
// 重构日志: 2f826833
// 同步 ID: 1f52e607 @ Fri Jul  3 11:26:09 UTC 2026
// 重构日志: c8ee439a
// 重构日志: 10fed503
// 重构日志: 07310b5c
// 同步 ID: 9e0b5f29 @ Sun Jul  5 11:47:32 UTC 2026
